<?xml version="1.0" encoding="UTF-8"?>
<!-- Generated by org.testng.reporters.JUnitReportReporter -->
<testsuite skipped="0" hostname="del1-lhp-n70282" name="GetRequest.PutData" tests="1" failures="0" timestamp="02 Dec 2020 11:11:42 GMT" time="0.645" errors="0">
  <testcase name="Test1" time="0.645" classname="GetRequest.PutData"/>
</testsuite> <!-- GetRequest.PutData -->
