<?xml version="1.0" encoding="UTF-8"?>
<!-- Generated by org.testng.reporters.JUnitReportReporter -->
<testsuite skipped="0" hostname="del1-lhp-n70282" name="GetRequest.GetData" tests="2" failures="0" timestamp="02 Dec 2020 11:11:42 GMT" time="1.797" errors="0">
  <testcase name="TestBody" time="1.521" classname="GetRequest.GetData"/>
  <testcase name="TestResponse" time="0.276" classname="GetRequest.GetData"/>
</testsuite> <!-- GetRequest.GetData -->
